<?xml version="1.0" encoding="UTF-8"?>
<testsuite name="mx.gob.bansefi.BsfPlantillaApplicationTests" tests="1" skipped="0" failures="0" errors="0" timestamp="2017-10-13T21:20:18" hostname="FAFLORES" time="0.048">
  <properties/>
  <testcase name="contextLoads" classname="mx.gob.bansefi.BsfPlantillaApplicationTests" time="0.048"/>
  <system-out><![CDATA[16:20:13.347 [Test worker] DEBUG org.springframework.test.context.junit4.SpringJUnit4ClassRunner - SpringJUnit4ClassRunner constructor called with [class mx.gob.bansefi.BsfPlantillaApplicationTests]
16:20:13.352 [Test worker] DEBUG org.springframework.test.context.BootstrapUtils - Instantiating CacheAwareContextLoaderDelegate from class [org.springframework.test.context.cache.DefaultCacheAwareContextLoaderDelegate]
16:20:13.362 [Test worker] DEBUG org.springframework.test.context.BootstrapUtils - Instantiating BootstrapContext using constructor [public org.springframework.test.context.support.DefaultBootstrapContext(java.lang.Class,org.springframework.test.context.CacheAwareContextLoaderDelegate)]
16:20:13.395 [Test worker] DEBUG org.springframework.test.context.BootstrapUtils - Instantiating TestContextBootstrapper for test class [mx.gob.bansefi.BsfPlantillaApplicationTests] from class [org.springframework.boot.test.context.SpringBootTestContextBootstrapper]
16:20:13.422 [Test worker] INFO org.springframework.boot.test.context.SpringBootTestContextBootstrapper - Neither @ContextConfiguration nor @ContextHierarchy found for test class [mx.gob.bansefi.BsfPlantillaApplicationTests], using SpringBootContextLoader
16:20:13.431 [Test worker] DEBUG org.springframework.test.context.support.AbstractContextLoader - Did not detect default resource location for test class [mx.gob.bansefi.BsfPlantillaApplicationTests]: class path resource [mx/gob/bansefi/BsfPlantillaApplicationTests-context.xml] does not exist
16:20:13.431 [Test worker] DEBUG org.springframework.test.context.support.AbstractContextLoader - Did not detect default resource location for test class [mx.gob.bansefi.BsfPlantillaApplicationTests]: class path resource [mx/gob/bansefi/BsfPlantillaApplicationTestsContext.groovy] does not exist
16:20:13.432 [Test worker] INFO org.springframework.test.context.support.AbstractContextLoader - Could not detect default resource locations for test class [mx.gob.bansefi.BsfPlantillaApplicationTests]: no resource found for suffixes {-context.xml, Context.groovy}.
16:20:13.433 [Test worker] INFO org.springframework.test.context.support.AnnotationConfigContextLoaderUtils - Could not detect default configuration classes for test class [mx.gob.bansefi.BsfPlantillaApplicationTests]: BsfPlantillaApplicationTests does not declare any static, non-private, non-final, nested classes annotated with @Configuration.
16:20:13.506 [Test worker] DEBUG org.springframework.test.context.support.ActiveProfilesUtils - Could not find an 'annotation declaring class' for annotation type [org.springframework.test.context.ActiveProfiles] and class [mx.gob.bansefi.BsfPlantillaApplicationTests]
16:20:13.522 [Test worker] DEBUG org.springframework.core.env.StandardEnvironment - Adding [systemProperties] PropertySource with lowest search precedence
16:20:13.523 [Test worker] DEBUG org.springframework.core.env.StandardEnvironment - Adding [systemEnvironment] PropertySource with lowest search precedence
16:20:13.523 [Test worker] DEBUG org.springframework.core.env.StandardEnvironment - Initialized StandardEnvironment with PropertySources [systemProperties,systemEnvironment]
16:20:13.540 [Test worker] DEBUG org.springframework.core.io.support.PathMatchingResourcePatternResolver - Resolved classpath location [mx/gob/bansefi/] to resources [URL [file:/C:/Users/Fausto%20Guillermo/Documents/workspace-sts-3.9.0.RELEASE/BsfPortalConsultaTransacciones/build/classes/test/mx/gob/bansefi/], URL [file:/C:/Users/Fausto%20Guillermo/Documents/workspace-sts-3.9.0.RELEASE/BsfPortalConsultaTransacciones/build/classes/main/mx/gob/bansefi/]]
16:20:13.540 [Test worker] DEBUG org.springframework.core.io.support.PathMatchingResourcePatternResolver - Looking for matching resources in directory tree [C:\Users\Fausto Guillermo\Documents\workspace-sts-3.9.0.RELEASE\BsfPortalConsultaTransacciones\build\classes\test\mx\gob\bansefi]
16:20:13.541 [Test worker] DEBUG org.springframework.core.io.support.PathMatchingResourcePatternResolver - Searching directory [C:\Users\Fausto Guillermo\Documents\workspace-sts-3.9.0.RELEASE\BsfPortalConsultaTransacciones\build\classes\test\mx\gob\bansefi] for files matching pattern [C:/Users/Fausto Guillermo/Documents/workspace-sts-3.9.0.RELEASE/BsfPortalConsultaTransacciones/build/classes/test/mx/gob/bansefi/*.class]
16:20:13.547 [Test worker] DEBUG org.springframework.core.io.support.PathMatchingResourcePatternResolver - Looking for matching resources in directory tree [C:\Users\Fausto Guillermo\Documents\workspace-sts-3.9.0.RELEASE\BsfPortalConsultaTransacciones\build\classes\main\mx\gob\bansefi]
16:20:13.547 [Test worker] DEBUG org.springframework.core.io.support.PathMatchingResourcePatternResolver - Searching directory [C:\Users\Fausto Guillermo\Documents\workspace-sts-3.9.0.RELEASE\BsfPortalConsultaTransacciones\build\classes\main\mx\gob\bansefi] for files matching pattern [C:/Users/Fausto Guillermo/Documents/workspace-sts-3.9.0.RELEASE/BsfPortalConsultaTransacciones/build/classes/main/mx/gob/bansefi/*.class]
16:20:13.549 [Test worker] DEBUG org.springframework.core.io.support.PathMatchingResourcePatternResolver - Resolved location pattern [classpath*:mx/gob/bansefi/*.class] to resources [file [C:\Users\Fausto Guillermo\Documents\workspace-sts-3.9.0.RELEASE\BsfPortalConsultaTransacciones\build\classes\test\mx\gob\bansefi\BsfPlantillaApplicationTests.class], file [C:\Users\Fausto Guillermo\Documents\workspace-sts-3.9.0.RELEASE\BsfPortalConsultaTransacciones\build\classes\main\mx\gob\bansefi\BsfConsultaTransaccionesApplication.class], file [C:\Users\Fausto Guillermo\Documents\workspace-sts-3.9.0.RELEASE\BsfPortalConsultaTransacciones\build\classes\main\mx\gob\bansefi\ServletInitializer.class]]
16:20:13.606 [Test worker] DEBUG org.springframework.context.annotation.ClassPathScanningCandidateComponentProvider - Identified candidate component class: file [C:\Users\Fausto Guillermo\Documents\workspace-sts-3.9.0.RELEASE\BsfPortalConsultaTransacciones\build\classes\main\mx\gob\bansefi\BsfConsultaTransaccionesApplication.class]
16:20:13.608 [Test worker] INFO org.springframework.boot.test.context.SpringBootTestContextBootstrapper - Found @SpringBootConfiguration mx.gob.bansefi.BsfConsultaTransaccionesApplication for test class mx.gob.bansefi.BsfPlantillaApplicationTests
16:20:13.614 [Test worker] DEBUG org.springframework.boot.test.context.SpringBootTestContextBootstrapper - @TestExecutionListeners is not present for class [mx.gob.bansefi.BsfPlantillaApplicationTests]: using defaults.
16:20:13.620 [Test worker] INFO org.springframework.boot.test.context.SpringBootTestContextBootstrapper - Loaded default TestExecutionListener class names from location [META-INF/spring.factories]: [org.springframework.boot.test.mock.mockito.MockitoTestExecutionListener, org.springframework.boot.test.mock.mockito.ResetMocksTestExecutionListener, org.springframework.boot.test.autoconfigure.restdocs.RestDocsTestExecutionListener, org.springframework.boot.test.autoconfigure.web.client.MockRestServiceServerResetTestExecutionListener, org.springframework.boot.test.autoconfigure.web.servlet.MockMvcPrintOnlyOnFailureTestExecutionListener, org.springframework.boot.test.autoconfigure.web.servlet.WebDriverTestExecutionListener, org.springframework.test.context.web.ServletTestExecutionListener, org.springframework.test.context.support.DirtiesContextBeforeModesTestExecutionListener, org.springframework.test.context.support.DependencyInjectionTestExecutionListener, org.springframework.test.context.support.DirtiesContextTestExecutionListener, org.springframework.test.context.transaction.TransactionalTestExecutionListener, org.springframework.test.context.jdbc.SqlScriptsTestExecutionListener]
16:20:13.643 [Test worker] INFO org.springframework.boot.test.context.SpringBootTestContextBootstrapper - Could not instantiate TestExecutionListener [org.springframework.test.context.transaction.TransactionalTestExecutionListener]. Specify custom listener classes or make the default listener classes (and their required dependencies) available. Offending class: [org/springframework/transaction/interceptor/TransactionAttributeSource]
16:20:13.645 [Test worker] INFO org.springframework.boot.test.context.SpringBootTestContextBootstrapper - Could not instantiate TestExecutionListener [org.springframework.test.context.jdbc.SqlScriptsTestExecutionListener]. Specify custom listener classes or make the default listener classes (and their required dependencies) available. Offending class: [org/springframework/transaction/interceptor/TransactionAttribute]
16:20:13.646 [Test worker] INFO org.springframework.boot.test.context.SpringBootTestContextBootstrapper - Using TestExecutionListeners: [org.springframework.test.context.web.ServletTestExecutionListener@23be0ddc, org.springframework.test.context.support.DirtiesContextBeforeModesTestExecutionListener@65e76e50, org.springframework.boot.test.autoconfigure.SpringBootDependencyInjectionTestExecutionListener@758faf2b, org.springframework.test.context.support.DirtiesContextTestExecutionListener@69f49bf7, org.springframework.boot.test.autoconfigure.web.servlet.WebDriverTestExecutionListener@3a77bbf8, org.springframework.boot.test.autoconfigure.web.client.MockRestServiceServerResetTestExecutionListener@64bcd708, org.springframework.boot.test.autoconfigure.restdocs.RestDocsTestExecutionListener@6cc2ca43, org.springframework.boot.test.mock.mockito.ResetMocksTestExecutionListener@21a4cf0f, org.springframework.boot.test.mock.mockito.MockitoTestExecutionListener@260b18b8, org.springframework.boot.test.autoconfigure.web.servlet.MockMvcPrintOnlyOnFailureTestExecutionListener@240d8fe6]
16:20:13.650 [Test worker] DEBUG org.springframework.test.annotation.ProfileValueUtils - Retrieved @ProfileValueSourceConfiguration [null] for test class [mx.gob.bansefi.BsfPlantillaApplicationTests]
16:20:13.651 [Test worker] DEBUG org.springframework.test.annotation.ProfileValueUtils - Retrieved ProfileValueSource type [class org.springframework.test.annotation.SystemProfileValueSource] for class [mx.gob.bansefi.BsfPlantillaApplicationTests]
16:20:13.652 [Test worker] DEBUG org.springframework.test.annotation.ProfileValueUtils - Retrieved @ProfileValueSourceConfiguration [null] for test class [mx.gob.bansefi.BsfPlantillaApplicationTests]
16:20:13.652 [Test worker] DEBUG org.springframework.test.annotation.ProfileValueUtils - Retrieved ProfileValueSource type [class org.springframework.test.annotation.SystemProfileValueSource] for class [mx.gob.bansefi.BsfPlantillaApplicationTests]
16:20:13.661 [Test worker] DEBUG org.springframework.test.context.support.AbstractDirtiesContextTestExecutionListener - Before test class: context [DefaultTestContext@3568ea07 testClass = BsfPlantillaApplicationTests, testInstance = [null], testMethod = [null], testException = [null], mergedContextConfiguration = [WebMergedContextConfiguration@1c5447bc testClass = BsfPlantillaApplicationTests, locations = '{}', classes = '{class mx.gob.bansefi.BsfConsultaTransaccionesApplication}', contextInitializerClasses = '[]', activeProfiles = '{}', propertySourceLocations = '{}', propertySourceProperties = '{org.springframework.boot.test.context.SpringBootTestContextBootstrapper=true}', contextCustomizers = set[org.springframework.boot.test.context.SpringBootTestContextCustomizer@28a154d3, org.springframework.boot.test.context.filter.ExcludeFilterContextCustomizer@7da20a2a, org.springframework.boot.test.mock.mockito.MockitoContextCustomizer@0, org.springframework.boot.test.autoconfigure.properties.PropertyMappingContextCustomizer@0, org.springframework.boot.test.autoconfigure.web.servlet.WebDriverContextCustomizerFactory$Customizer@667c695e], resourceBasePath = 'src/main/webapp', contextLoader = 'org.springframework.boot.test.context.SpringBootContextLoader', parent = [null]]], class annotated with @DirtiesContext [false] with mode [null].
16:20:13.662 [Test worker] DEBUG org.springframework.test.annotation.ProfileValueUtils - Retrieved @ProfileValueSourceConfiguration [null] for test class [mx.gob.bansefi.BsfPlantillaApplicationTests]
16:20:13.662 [Test worker] DEBUG org.springframework.test.annotation.ProfileValueUtils - Retrieved ProfileValueSource type [class org.springframework.test.annotation.SystemProfileValueSource] for class [mx.gob.bansefi.BsfPlantillaApplicationTests]
16:20:13.753 [Test worker] DEBUG org.springframework.core.env.StandardEnvironment - Adding [systemProperties] PropertySource with lowest search precedence
16:20:13.753 [Test worker] DEBUG org.springframework.core.env.StandardEnvironment - Adding [systemEnvironment] PropertySource with lowest search precedence
16:20:13.753 [Test worker] DEBUG org.springframework.core.env.StandardEnvironment - Initialized StandardEnvironment with PropertySources [systemProperties,systemEnvironment]
16:20:13.755 [Test worker] DEBUG org.springframework.core.env.MutablePropertySources - Adding [inline] PropertySource with highest search precedence
16:20:13.762 [Test worker] DEBUG org.springframework.test.context.support.TestPropertySourceUtils - Adding inlined properties to environment: {spring.jmx.enabled=false, org.springframework.boot.test.context.SpringBootTestContextBootstrapper=true, server.port=-1}
16:20:13.762 [Test worker] DEBUG org.springframework.core.env.StandardEnvironment - Adding [Inlined Test Properties] PropertySource with highest search precedence
 __                     ___                                    
/   _ __  _     | _|_ _  |  __ _ __  _  _  _  _  o  _ __  _  _ 
\__(_)| |_> |_| |  |_(_| |  | (_|| |_> (_|(_ (_  | (_)| |(/__> 
2017-10-13 16:20:14.161  INFO 12300 --- [    Test worker] m.g.b.BsfPlantillaApplicationTests       : Starting BsfPlantillaApplicationTests on FAFLORES with PID 12300 (started by Fausto Guillermo in C:\Users\Fausto Guillermo\Documents\workspace-sts-3.9.0.RELEASE\BsfPortalConsultaTransacciones)
2017-10-13 16:20:14.180  INFO 12300 --- [    Test worker] m.g.b.BsfPlantillaApplicationTests       : No active profile set, falling back to default profiles: default
2017-10-13 16:20:14.512  INFO 12300 --- [    Test worker] o.s.w.c.s.GenericWebApplicationContext   : Refreshing org.springframework.web.context.support.GenericWebApplicationContext@3155ab9c: startup date [Fri Oct 13 16:20:14 CDT 2017]; root of context hierarchy
2017-10-13 16:20:16.170  INFO 12300 --- [    Test worker] f.a.AutowiredAnnotationBeanPostProcessor : JSR-330 'javax.inject.Inject' annotation found and supported for autowiring
2017-10-13 16:20:16.652  WARN 12300 --- [    Test worker] f.a.AutowiredAnnotationBeanPostProcessor : Autowired annotation is not supported on static fields: private static java.lang.String mx.gob.bansefi.services.WsServicios.mensajeErrorServicioCliente
2017-10-13 16:20:17.469  INFO 12300 --- [    Test worker] s.w.s.m.m.a.RequestMappingHandlerAdapter : Looking for @ControllerAdvice: org.springframework.web.context.support.GenericWebApplicationContext@3155ab9c: startup date [Fri Oct 13 16:20:14 CDT 2017]; root of context hierarchy
2017-10-13 16:20:17.569  INFO 12300 --- [    Test worker] s.w.s.m.m.a.RequestMappingHandlerMapping : Mapped "{[/],methods=[POST]}" onto public org.springframework.web.servlet.ModelAndView mx.gob.bansefi.controllers.ConsultasController.Index(java.lang.String)
2017-10-13 16:20:17.571  INFO 12300 --- [    Test worker] s.w.s.m.m.a.RequestMappingHandlerMapping : Mapped "{[/detalleAnotacion]}" onto public org.springframework.web.servlet.ModelAndView mx.gob.bansefi.controllers.ConsultasController.ConsultaDetalleAnotaciones(java.lang.String,java.lang.String,java.lang.String,java.lang.String,java.lang.String,java.lang.String,java.lang.String,java.lang.String,java.lang.String,java.lang.String)
2017-10-13 16:20:17.572  INFO 12300 --- [    Test worker] s.w.s.m.m.a.RequestMappingHandlerMapping : Mapped "{[/auditoria]}" onto public org.springframework.web.servlet.ModelAndView mx.gob.bansefi.controllers.ConsultasController.ConsultaAuditoria(mx.gob.bansefi.dto.DetalleConsultaDTO,java.lang.String)
2017-10-13 16:20:17.573  INFO 12300 --- [    Test worker] s.w.s.m.m.a.RequestMappingHandlerMapping : Mapped "{[/consultaGeneral]}" onto public org.springframework.web.servlet.ModelAndView mx.gob.bansefi.controllers.ConsultasController.ConsultaPrincipal(mx.gob.bansefi.dto.BusquedaDTO,java.lang.String,java.lang.String)
2017-10-13 16:20:17.574  INFO 12300 --- [    Test worker] s.w.s.m.m.a.RequestMappingHandlerMapping : Mapped "{[/detalles]}" onto public org.springframework.web.servlet.ModelAndView mx.gob.bansefi.controllers.ConsultasController.ConsultaDetalleMovimientos(java.lang.String,java.lang.String,java.lang.String,java.lang.String,java.lang.String)
2017-10-13 16:20:17.577  INFO 12300 --- [    Test worker] s.w.s.m.m.a.RequestMappingHandlerMapping : Mapped "{[/detalleAuditoria]}" onto public org.springframework.web.servlet.ModelAndView mx.gob.bansefi.controllers.ConsultasController.ConsultaDetallesAuditoria(mx.gob.bansefi.dto.DetalleConsultaDTO,java.lang.String)
2017-10-13 16:20:17.578  INFO 12300 --- [    Test worker] s.w.s.m.m.a.RequestMappingHandlerMapping : Mapped "{[/masApunte]}" onto public org.springframework.web.servlet.ModelAndView mx.gob.bansefi.controllers.ConsultasController.ConsultaMasOrigen(mx.gob.bansefi.dto.DetalleConsultaDTO)
2017-10-13 16:20:17.579  INFO 12300 --- [    Test worker] s.w.s.m.m.a.RequestMappingHandlerMapping : Mapped "{[/principalMovimientos]}" onto public org.springframework.web.servlet.ModelAndView mx.gob.bansefi.controllers.ConsultasController.PrincipalMovimientos(mx.gob.bansefi.dto.BusquedaDTO,java.lang.String,java.lang.String)
2017-10-13 16:20:17.580  INFO 12300 --- [    Test worker] s.w.s.m.m.a.RequestMappingHandlerMapping : Mapped "{[/busquedaDig{idDoc}]}" onto public org.springframework.web.servlet.ModelAndView mx.gob.bansefi.controllers.ConsultasController.BusquedaDespuesDeDigitalizar(java.lang.String)
2017-10-13 16:20:17.580  INFO 12300 --- [    Test worker] s.w.s.m.m.a.RequestMappingHandlerMapping : Mapped "{[/cargarRegistros]}" onto public mx.gob.bansefi.dto.ConsultaPrincipalDTO mx.gob.bansefi.controllers.ConsultasController.CargarRegistros(java.lang.String,java.lang.String,java.lang.String,java.lang.String)
2017-10-13 16:20:17.581  INFO 12300 --- [    Test worker] s.w.s.m.m.a.RequestMappingHandlerMapping : Mapped "{[/imprimir]}" onto public java.lang.String mx.gob.bansefi.controllers.ConsultasController.imprimirReporte(java.lang.String,java.lang.String,java.lang.String,java.lang.String,java.lang.String)
2017-10-13 16:20:17.582  INFO 12300 --- [    Test worker] s.w.s.m.m.a.RequestMappingHandlerMapping : Mapped "{[/prueba]}" onto public org.springframework.web.servlet.ModelAndView mx.gob.bansefi.controllers.ConsultasController.pruaba()
2017-10-13 16:20:17.583  INFO 12300 --- [    Test worker] s.w.s.m.m.a.RequestMappingHandlerMapping : Mapped "{[/getNombre]}" onto public mx.gob.bansefi.dto.TitularDTO mx.gob.bansefi.controllers.ConsultasController.nombre(java.lang.String,java.lang.String)
2017-10-13 16:20:17.586  INFO 12300 --- [    Test worker] s.w.s.m.m.a.RequestMappingHandlerMapping : Mapped "{[/busquedaPersonaEncriptar],methods=[POST]}" onto public mx.gob.bansefi.dto.Response.ResEncryptORDecryptDTO mx.gob.bansefi.controllers.ConsultasController.encripcion(mx.gob.bansefi.dto.DatosEncryptDigitaliza)
2017-10-13 16:20:17.588  INFO 12300 --- [    Test worker] s.w.s.m.m.a.RequestMappingHandlerMapping : Mapped "{[/origen]}" onto public org.springframework.web.servlet.ModelAndView mx.gob.bansefi.controllers.ConsultasController.ConsultaOrigen(mx.gob.bansefi.dto.DetalleConsultaDTO,java.lang.String)
2017-10-13 16:20:17.598  INFO 12300 --- [    Test worker] s.w.s.m.m.a.RequestMappingHandlerMapping : Mapped "{[/getDocumento]}" onto public mx.gob.bansefi.dto.Response.Documentos.ResConsultaDocumento mx.gob.bansefi.controllers.WizardDocumentosController.consultaDocumento(mx.gob.bansefi.dto.Request.Documentos.ReqConsultaDocumento)
2017-10-13 16:20:17.599  INFO 12300 --- [    Test worker] s.w.s.m.m.a.RequestMappingHandlerMapping : Mapped "{[/encriptar],methods=[POST]}" onto public mx.gob.bansefi.dto.Response.ResEncryptORDecryptDTO mx.gob.bansefi.controllers.WizardDocumentosController.encripcion(java.lang.String)
2017-10-13 16:20:17.603  INFO 12300 --- [    Test worker] s.w.s.m.m.a.RequestMappingHandlerMapping : Mapped "{[/error]}" onto public org.springframework.http.ResponseEntity<java.util.Map<java.lang.String, java.lang.Object>> org.springframework.boot.autoconfigure.web.BasicErrorController.error(javax.servlet.http.HttpServletRequest)
2017-10-13 16:20:17.604  INFO 12300 --- [    Test worker] s.w.s.m.m.a.RequestMappingHandlerMapping : Mapped "{[/error],produces=[text/html]}" onto public org.springframework.web.servlet.ModelAndView org.springframework.boot.autoconfigure.web.BasicErrorController.errorHtml(javax.servlet.http.HttpServletRequest,javax.servlet.http.HttpServletResponse)
2017-10-13 16:20:17.657  INFO 12300 --- [    Test worker] o.s.w.s.handler.SimpleUrlHandlerMapping  : Mapped URL path [/webjars/**] onto handler of type [class org.springframework.web.servlet.resource.ResourceHttpRequestHandler]
2017-10-13 16:20:17.657  INFO 12300 --- [    Test worker] o.s.w.s.handler.SimpleUrlHandlerMapping  : Mapped URL path [/**] onto handler of type [class org.springframework.web.servlet.resource.ResourceHttpRequestHandler]
2017-10-13 16:20:17.765  INFO 12300 --- [    Test worker] o.s.w.s.handler.SimpleUrlHandlerMapping  : Mapped URL path [/**/favicon.ico] onto handler of type [class org.springframework.web.servlet.resource.ResourceHttpRequestHandler]
2017-10-13 16:20:18.528  INFO 12300 --- [    Test worker] m.g.b.BsfPlantillaApplicationTests       : Started BsfPlantillaApplicationTests in 4.753 seconds (JVM running for 6.167)
]]></system-out>
  <system-err><![CDATA[]]></system-err>
</testsuite>
