<?xml version="1.0" encoding="UTF-8"?>
<testsuite name="mx.gob.bansefi.BsfPlantillaApplicationTests" tests="1" skipped="0" failures="0" errors="0" timestamp="2017-10-30T20:41:45" hostname="FAFLORES" time="0.039">
  <properties/>
  <testcase name="contextLoads" classname="mx.gob.bansefi.BsfPlantillaApplicationTests" time="0.039"/>
  <system-out><![CDATA[14:41:40.670 [Test worker] DEBUG org.springframework.test.context.junit4.SpringJUnit4ClassRunner - SpringJUnit4ClassRunner constructor called with [class mx.gob.bansefi.BsfPlantillaApplicationTests]
14:41:40.676 [Test worker] DEBUG org.springframework.test.context.BootstrapUtils - Instantiating CacheAwareContextLoaderDelegate from class [org.springframework.test.context.cache.DefaultCacheAwareContextLoaderDelegate]
14:41:40.686 [Test worker] DEBUG org.springframework.test.context.BootstrapUtils - Instantiating BootstrapContext using constructor [public org.springframework.test.context.support.DefaultBootstrapContext(java.lang.Class,org.springframework.test.context.CacheAwareContextLoaderDelegate)]
14:41:40.715 [Test worker] DEBUG org.springframework.test.context.BootstrapUtils - Instantiating TestContextBootstrapper for test class [mx.gob.bansefi.BsfPlantillaApplicationTests] from class [org.springframework.boot.test.context.SpringBootTestContextBootstrapper]
14:41:40.731 [Test worker] INFO org.springframework.boot.test.context.SpringBootTestContextBootstrapper - Neither @ContextConfiguration nor @ContextHierarchy found for test class [mx.gob.bansefi.BsfPlantillaApplicationTests], using SpringBootContextLoader
14:41:40.737 [Test worker] DEBUG org.springframework.test.context.support.AbstractContextLoader - Did not detect default resource location for test class [mx.gob.bansefi.BsfPlantillaApplicationTests]: class path resource [mx/gob/bansefi/BsfPlantillaApplicationTests-context.xml] does not exist
14:41:40.737 [Test worker] DEBUG org.springframework.test.context.support.AbstractContextLoader - Did not detect default resource location for test class [mx.gob.bansefi.BsfPlantillaApplicationTests]: class path resource [mx/gob/bansefi/BsfPlantillaApplicationTestsContext.groovy] does not exist
14:41:40.737 [Test worker] INFO org.springframework.test.context.support.AbstractContextLoader - Could not detect default resource locations for test class [mx.gob.bansefi.BsfPlantillaApplicationTests]: no resource found for suffixes {-context.xml, Context.groovy}.
14:41:40.738 [Test worker] INFO org.springframework.test.context.support.AnnotationConfigContextLoaderUtils - Could not detect default configuration classes for test class [mx.gob.bansefi.BsfPlantillaApplicationTests]: BsfPlantillaApplicationTests does not declare any static, non-private, non-final, nested classes annotated with @Configuration.
14:41:40.796 [Test worker] DEBUG org.springframework.test.context.support.ActiveProfilesUtils - Could not find an 'annotation declaring class' for annotation type [org.springframework.test.context.ActiveProfiles] and class [mx.gob.bansefi.BsfPlantillaApplicationTests]
14:41:40.806 [Test worker] DEBUG org.springframework.core.env.StandardEnvironment - Adding [systemProperties] PropertySource with lowest search precedence
14:41:40.806 [Test worker] DEBUG org.springframework.core.env.StandardEnvironment - Adding [systemEnvironment] PropertySource with lowest search precedence
14:41:40.806 [Test worker] DEBUG org.springframework.core.env.StandardEnvironment - Initialized StandardEnvironment with PropertySources [systemProperties,systemEnvironment]
14:41:40.819 [Test worker] DEBUG org.springframework.core.io.support.PathMatchingResourcePatternResolver - Resolved classpath location [mx/gob/bansefi/] to resources [URL [file:/C:/Users/Fausto%20Guillermo/Documents/workspace-sts-3.9.0.RELEASE/BsfPortalConsultaTransacciones/build/classes/test/mx/gob/bansefi/], URL [file:/C:/Users/Fausto%20Guillermo/Documents/workspace-sts-3.9.0.RELEASE/BsfPortalConsultaTransacciones/build/classes/main/mx/gob/bansefi/]]
14:41:40.820 [Test worker] DEBUG org.springframework.core.io.support.PathMatchingResourcePatternResolver - Looking for matching resources in directory tree [C:\Users\Fausto Guillermo\Documents\workspace-sts-3.9.0.RELEASE\BsfPortalConsultaTransacciones\build\classes\test\mx\gob\bansefi]
14:41:40.820 [Test worker] DEBUG org.springframework.core.io.support.PathMatchingResourcePatternResolver - Searching directory [C:\Users\Fausto Guillermo\Documents\workspace-sts-3.9.0.RELEASE\BsfPortalConsultaTransacciones\build\classes\test\mx\gob\bansefi] for files matching pattern [C:/Users/Fausto Guillermo/Documents/workspace-sts-3.9.0.RELEASE/BsfPortalConsultaTransacciones/build/classes/test/mx/gob/bansefi/*.class]
14:41:40.824 [Test worker] DEBUG org.springframework.core.io.support.PathMatchingResourcePatternResolver - Looking for matching resources in directory tree [C:\Users\Fausto Guillermo\Documents\workspace-sts-3.9.0.RELEASE\BsfPortalConsultaTransacciones\build\classes\main\mx\gob\bansefi]
14:41:40.824 [Test worker] DEBUG org.springframework.core.io.support.PathMatchingResourcePatternResolver - Searching directory [C:\Users\Fausto Guillermo\Documents\workspace-sts-3.9.0.RELEASE\BsfPortalConsultaTransacciones\build\classes\main\mx\gob\bansefi] for files matching pattern [C:/Users/Fausto Guillermo/Documents/workspace-sts-3.9.0.RELEASE/BsfPortalConsultaTransacciones/build/classes/main/mx/gob/bansefi/*.class]
14:41:40.827 [Test worker] DEBUG org.springframework.core.io.support.PathMatchingResourcePatternResolver - Resolved location pattern [classpath*:mx/gob/bansefi/*.class] to resources [file [C:\Users\Fausto Guillermo\Documents\workspace-sts-3.9.0.RELEASE\BsfPortalConsultaTransacciones\build\classes\test\mx\gob\bansefi\BsfPlantillaApplicationTests.class], file [C:\Users\Fausto Guillermo\Documents\workspace-sts-3.9.0.RELEASE\BsfPortalConsultaTransacciones\build\classes\main\mx\gob\bansefi\BsfConsultaTransaccionesApplication.class], file [C:\Users\Fausto Guillermo\Documents\workspace-sts-3.9.0.RELEASE\BsfPortalConsultaTransacciones\build\classes\main\mx\gob\bansefi\ServletInitializer.class]]
14:41:40.876 [Test worker] DEBUG org.springframework.context.annotation.ClassPathScanningCandidateComponentProvider - Identified candidate component class: file [C:\Users\Fausto Guillermo\Documents\workspace-sts-3.9.0.RELEASE\BsfPortalConsultaTransacciones\build\classes\main\mx\gob\bansefi\BsfConsultaTransaccionesApplication.class]
14:41:40.878 [Test worker] INFO org.springframework.boot.test.context.SpringBootTestContextBootstrapper - Found @SpringBootConfiguration mx.gob.bansefi.BsfConsultaTransaccionesApplication for test class mx.gob.bansefi.BsfPlantillaApplicationTests
14:41:40.883 [Test worker] DEBUG org.springframework.boot.test.context.SpringBootTestContextBootstrapper - @TestExecutionListeners is not present for class [mx.gob.bansefi.BsfPlantillaApplicationTests]: using defaults.
14:41:40.889 [Test worker] INFO org.springframework.boot.test.context.SpringBootTestContextBootstrapper - Loaded default TestExecutionListener class names from location [META-INF/spring.factories]: [org.springframework.boot.test.mock.mockito.MockitoTestExecutionListener, org.springframework.boot.test.mock.mockito.ResetMocksTestExecutionListener, org.springframework.boot.test.autoconfigure.restdocs.RestDocsTestExecutionListener, org.springframework.boot.test.autoconfigure.web.client.MockRestServiceServerResetTestExecutionListener, org.springframework.boot.test.autoconfigure.web.servlet.MockMvcPrintOnlyOnFailureTestExecutionListener, org.springframework.boot.test.autoconfigure.web.servlet.WebDriverTestExecutionListener, org.springframework.test.context.web.ServletTestExecutionListener, org.springframework.test.context.support.DirtiesContextBeforeModesTestExecutionListener, org.springframework.test.context.support.DependencyInjectionTestExecutionListener, org.springframework.test.context.support.DirtiesContextTestExecutionListener, org.springframework.test.context.transaction.TransactionalTestExecutionListener, org.springframework.test.context.jdbc.SqlScriptsTestExecutionListener]
14:41:40.900 [Test worker] INFO org.springframework.boot.test.context.SpringBootTestContextBootstrapper - Could not instantiate TestExecutionListener [org.springframework.test.context.jdbc.SqlScriptsTestExecutionListener]. Specify custom listener classes or make the default listener classes (and their required dependencies) available. Offending class: [org/springframework/transaction/interceptor/TransactionAttribute]
14:41:40.906 [Test worker] INFO org.springframework.boot.test.context.SpringBootTestContextBootstrapper - Could not instantiate TestExecutionListener [org.springframework.test.context.transaction.TransactionalTestExecutionListener]. Specify custom listener classes or make the default listener classes (and their required dependencies) available. Offending class: [org/springframework/transaction/interceptor/TransactionAttributeSource]
14:41:40.907 [Test worker] INFO org.springframework.boot.test.context.SpringBootTestContextBootstrapper - Using TestExecutionListeners: [org.springframework.test.context.web.ServletTestExecutionListener@71b3539b, org.springframework.test.context.support.DirtiesContextBeforeModesTestExecutionListener@3e23aa03, org.springframework.boot.test.autoconfigure.SpringBootDependencyInjectionTestExecutionListener@6c0b358e, org.springframework.test.context.support.DirtiesContextTestExecutionListener@25472749, org.springframework.boot.test.autoconfigure.web.servlet.MockMvcPrintOnlyOnFailureTestExecutionListener@4e8387f1, org.springframework.boot.test.mock.mockito.ResetMocksTestExecutionListener@6dd35f90, org.springframework.boot.test.autoconfigure.web.client.MockRestServiceServerResetTestExecutionListener@58c1a0e1, org.springframework.boot.test.mock.mockito.MockitoTestExecutionListener@44a0b9df, org.springframework.boot.test.autoconfigure.restdocs.RestDocsTestExecutionListener@16ce02b5, org.springframework.boot.test.autoconfigure.web.servlet.WebDriverTestExecutionListener@6196e023]
14:41:40.911 [Test worker] DEBUG org.springframework.test.annotation.ProfileValueUtils - Retrieved @ProfileValueSourceConfiguration [null] for test class [mx.gob.bansefi.BsfPlantillaApplicationTests]
14:41:40.912 [Test worker] DEBUG org.springframework.test.annotation.ProfileValueUtils - Retrieved ProfileValueSource type [class org.springframework.test.annotation.SystemProfileValueSource] for class [mx.gob.bansefi.BsfPlantillaApplicationTests]
14:41:40.913 [Test worker] DEBUG org.springframework.test.annotation.ProfileValueUtils - Retrieved @ProfileValueSourceConfiguration [null] for test class [mx.gob.bansefi.BsfPlantillaApplicationTests]
14:41:40.914 [Test worker] DEBUG org.springframework.test.annotation.ProfileValueUtils - Retrieved ProfileValueSource type [class org.springframework.test.annotation.SystemProfileValueSource] for class [mx.gob.bansefi.BsfPlantillaApplicationTests]
14:41:40.920 [Test worker] DEBUG org.springframework.test.context.support.AbstractDirtiesContextTestExecutionListener - Before test class: context [DefaultTestContext@6b8b77f2 testClass = BsfPlantillaApplicationTests, testInstance = [null], testMethod = [null], testException = [null], mergedContextConfiguration = [WebMergedContextConfiguration@3aaf9838 testClass = BsfPlantillaApplicationTests, locations = '{}', classes = '{class mx.gob.bansefi.BsfConsultaTransaccionesApplication}', contextInitializerClasses = '[]', activeProfiles = '{}', propertySourceLocations = '{}', propertySourceProperties = '{org.springframework.boot.test.context.SpringBootTestContextBootstrapper=true}', contextCustomizers = set[org.springframework.boot.test.context.SpringBootTestContextCustomizer@2f191e13, org.springframework.boot.test.context.filter.ExcludeFilterContextCustomizer@65291ffa, org.springframework.boot.test.mock.mockito.MockitoContextCustomizer@0, org.springframework.boot.test.autoconfigure.properties.PropertyMappingContextCustomizer@0, org.springframework.boot.test.autoconfigure.web.servlet.WebDriverContextCustomizerFactory$Customizer@55c927e7], resourceBasePath = 'src/main/webapp', contextLoader = 'org.springframework.boot.test.context.SpringBootContextLoader', parent = [null]]], class annotated with @DirtiesContext [false] with mode [null].
14:41:40.922 [Test worker] DEBUG org.springframework.test.annotation.ProfileValueUtils - Retrieved @ProfileValueSourceConfiguration [null] for test class [mx.gob.bansefi.BsfPlantillaApplicationTests]
14:41:40.922 [Test worker] DEBUG org.springframework.test.annotation.ProfileValueUtils - Retrieved ProfileValueSource type [class org.springframework.test.annotation.SystemProfileValueSource] for class [mx.gob.bansefi.BsfPlantillaApplicationTests]
14:41:40.991 [Test worker] DEBUG org.springframework.core.env.StandardEnvironment - Adding [systemProperties] PropertySource with lowest search precedence
14:41:40.992 [Test worker] DEBUG org.springframework.core.env.StandardEnvironment - Adding [systemEnvironment] PropertySource with lowest search precedence
14:41:40.992 [Test worker] DEBUG org.springframework.core.env.StandardEnvironment - Initialized StandardEnvironment with PropertySources [systemProperties,systemEnvironment]
14:41:40.994 [Test worker] DEBUG org.springframework.core.env.MutablePropertySources - Adding [inline] PropertySource with highest search precedence
14:41:41.000 [Test worker] DEBUG org.springframework.test.context.support.TestPropertySourceUtils - Adding inlined properties to environment: {spring.jmx.enabled=false, org.springframework.boot.test.context.SpringBootTestContextBootstrapper=true, server.port=-1}
14:41:41.001 [Test worker] DEBUG org.springframework.core.env.StandardEnvironment - Adding [Inlined Test Properties] PropertySource with highest search precedence
 __                     ___                                    
/   _ __  _     | _|_ _  |  __ _ __  _  _  _  _  o  _ __  _  _ 
\__(_)| |_> |_| |  |_(_| |  | (_|| |_> (_|(_ (_  | (_)| |(/__> 
2017-10-30 14:41:41.383  INFO 15112 --- [    Test worker] m.g.b.BsfPlantillaApplicationTests       : Starting BsfPlantillaApplicationTests on FAFLORES with PID 15112 (started by Fausto Guillermo in C:\Users\Fausto Guillermo\Documents\workspace-sts-3.9.0.RELEASE\BsfPortalConsultaTransacciones)
2017-10-30 14:41:41.403  INFO 15112 --- [    Test worker] m.g.b.BsfPlantillaApplicationTests       : No active profile set, falling back to default profiles: default
2017-10-30 14:41:41.776  INFO 15112 --- [    Test worker] o.s.w.c.s.GenericWebApplicationContext   : Refreshing org.springframework.web.context.support.GenericWebApplicationContext@43048292: startup date [Mon Oct 30 14:41:41 CST 2017]; root of context hierarchy
2017-10-30 14:41:43.223  INFO 15112 --- [    Test worker] f.a.AutowiredAnnotationBeanPostProcessor : JSR-330 'javax.inject.Inject' annotation found and supported for autowiring
2017-10-30 14:41:43.465  WARN 15112 --- [    Test worker] f.a.AutowiredAnnotationBeanPostProcessor : Autowired annotation is not supported on static fields: private static java.lang.String mx.gob.bansefi.services.WsServicios.mensajeErrorServicioCliente
2017-10-30 14:41:44.120  INFO 15112 --- [    Test worker] s.w.s.m.m.a.RequestMappingHandlerAdapter : Looking for @ControllerAdvice: org.springframework.web.context.support.GenericWebApplicationContext@43048292: startup date [Mon Oct 30 14:41:41 CST 2017]; root of context hierarchy
2017-10-30 14:41:44.229  INFO 15112 --- [    Test worker] s.w.s.m.m.a.RequestMappingHandlerMapping : Mapped "{[/],methods=[POST]}" onto public org.springframework.web.servlet.ModelAndView mx.gob.bansefi.controllers.ConsultasController.Index(java.lang.String)
2017-10-30 14:41:44.231  INFO 15112 --- [    Test worker] s.w.s.m.m.a.RequestMappingHandlerMapping : Mapped "{[/consultaGeneral]}" onto public org.springframework.web.servlet.ModelAndView mx.gob.bansefi.controllers.ConsultasController.ConsultaPrincipal(mx.gob.bansefi.dto.BusquedaDTO,java.lang.String,java.lang.String)
2017-10-30 14:41:44.232  INFO 15112 --- [    Test worker] s.w.s.m.m.a.RequestMappingHandlerMapping : Mapped "{[/detalleAnotacion]}" onto public org.springframework.web.servlet.ModelAndView mx.gob.bansefi.controllers.ConsultasController.ConsultaDetalleAnotaciones(java.lang.String,java.lang.String,java.lang.String,java.lang.String,java.lang.String,java.lang.String,java.lang.String,java.lang.String,java.lang.String,java.lang.String)
2017-10-30 14:41:44.232  INFO 15112 --- [    Test worker] s.w.s.m.m.a.RequestMappingHandlerMapping : Mapped "{[/principalMovimientos]}" onto public org.springframework.web.servlet.ModelAndView mx.gob.bansefi.controllers.ConsultasController.PrincipalMovimientos(mx.gob.bansefi.dto.BusquedaDTO,java.lang.String,java.lang.String)
2017-10-30 14:41:44.232  INFO 15112 --- [    Test worker] s.w.s.m.m.a.RequestMappingHandlerMapping : Mapped "{[/busquedaDig{idDoc}]}" onto public org.springframework.web.servlet.ModelAndView mx.gob.bansefi.controllers.ConsultasController.BusquedaDespuesDeDigitalizar(java.lang.String)
2017-10-30 14:41:44.232  INFO 15112 --- [    Test worker] s.w.s.m.m.a.RequestMappingHandlerMapping : Mapped "{[/auditoria]}" onto public org.springframework.web.servlet.ModelAndView mx.gob.bansefi.controllers.ConsultasController.ConsultaAuditoria(mx.gob.bansefi.dto.DetalleConsultaDTO,java.lang.String)
2017-10-30 14:41:44.233  INFO 15112 --- [    Test worker] s.w.s.m.m.a.RequestMappingHandlerMapping : Mapped "{[/detalles]}" onto public org.springframework.web.servlet.ModelAndView mx.gob.bansefi.controllers.ConsultasController.ConsultaDetalleMovimientos(java.lang.String,java.lang.String,java.lang.String,java.lang.String,java.lang.String,java.lang.String)
2017-10-30 14:41:44.233  INFO 15112 --- [    Test worker] s.w.s.m.m.a.RequestMappingHandlerMapping : Mapped "{[/detalleAuditoria]}" onto public org.springframework.web.servlet.ModelAndView mx.gob.bansefi.controllers.ConsultasController.ConsultaDetallesAuditoria(mx.gob.bansefi.dto.DetalleConsultaDTO,java.lang.String)
2017-10-30 14:41:44.233  INFO 15112 --- [    Test worker] s.w.s.m.m.a.RequestMappingHandlerMapping : Mapped "{[/masApunte]}" onto public org.springframework.web.servlet.ModelAndView mx.gob.bansefi.controllers.ConsultasController.ConsultaMasOrigen(mx.gob.bansefi.dto.DetalleConsultaDTO)
2017-10-30 14:41:44.233  INFO 15112 --- [    Test worker] s.w.s.m.m.a.RequestMappingHandlerMapping : Mapped "{[/getNombre]}" onto public mx.gob.bansefi.dto.TitularDTO mx.gob.bansefi.controllers.ConsultasController.nombre(java.lang.String,java.lang.String)
2017-10-30 14:41:44.234  INFO 15112 --- [    Test worker] s.w.s.m.m.a.RequestMappingHandlerMapping : Mapped "{[/prueba]}" onto public org.springframework.web.servlet.ModelAndView mx.gob.bansefi.controllers.ConsultasController.pruaba()
2017-10-30 14:41:44.234  INFO 15112 --- [    Test worker] s.w.s.m.m.a.RequestMappingHandlerMapping : Mapped "{[/busquedaPersonaEncriptar],methods=[POST]}" onto public mx.gob.bansefi.dto.Response.ResEncryptORDecryptDTO mx.gob.bansefi.controllers.ConsultasController.encripcion(mx.gob.bansefi.dto.DatosEncryptDigitaliza)
2017-10-30 14:41:44.234  INFO 15112 --- [    Test worker] s.w.s.m.m.a.RequestMappingHandlerMapping : Mapped "{[/origen]}" onto public org.springframework.web.servlet.ModelAndView mx.gob.bansefi.controllers.ConsultasController.ConsultaOrigen(mx.gob.bansefi.dto.DetalleConsultaDTO,java.lang.String)
2017-10-30 14:41:44.235  INFO 15112 --- [    Test worker] s.w.s.m.m.a.RequestMappingHandlerMapping : Mapped "{[/cargarRegistros]}" onto public mx.gob.bansefi.dto.ConsultaPrincipalDTO mx.gob.bansefi.controllers.ConsultasController.CargarRegistros(java.lang.String,java.lang.String,java.lang.String,java.lang.String)
2017-10-30 14:41:44.237  INFO 15112 --- [    Test worker] s.w.s.m.m.a.RequestMappingHandlerMapping : Mapped "{[/imprimir]}" onto public java.lang.String mx.gob.bansefi.controllers.ConsultasController.imprimirReporte(java.lang.String,java.lang.String,java.lang.String,java.lang.String,java.lang.String)
2017-10-30 14:41:44.240  INFO 15112 --- [    Test worker] s.w.s.m.m.a.RequestMappingHandlerMapping : Mapped "{[/getDocumento]}" onto public mx.gob.bansefi.dto.Response.Documentos.ResConsultaDocumento mx.gob.bansefi.controllers.WizardDocumentosController.consultaDocumento(mx.gob.bansefi.dto.Request.Documentos.ReqConsultaDocumento)
2017-10-30 14:41:44.241  INFO 15112 --- [    Test worker] s.w.s.m.m.a.RequestMappingHandlerMapping : Mapped "{[/encriptar],methods=[POST]}" onto public mx.gob.bansefi.dto.Response.ResEncryptORDecryptDTO mx.gob.bansefi.controllers.WizardDocumentosController.encripcion(java.lang.String)
2017-10-30 14:41:44.244  INFO 15112 --- [    Test worker] s.w.s.m.m.a.RequestMappingHandlerMapping : Mapped "{[/error]}" onto public org.springframework.http.ResponseEntity<java.util.Map<java.lang.String, java.lang.Object>> org.springframework.boot.autoconfigure.web.BasicErrorController.error(javax.servlet.http.HttpServletRequest)
2017-10-30 14:41:44.245  INFO 15112 --- [    Test worker] s.w.s.m.m.a.RequestMappingHandlerMapping : Mapped "{[/error],produces=[text/html]}" onto public org.springframework.web.servlet.ModelAndView org.springframework.boot.autoconfigure.web.BasicErrorController.errorHtml(javax.servlet.http.HttpServletRequest,javax.servlet.http.HttpServletResponse)
2017-10-30 14:41:44.282  INFO 15112 --- [    Test worker] o.s.w.s.handler.SimpleUrlHandlerMapping  : Mapped URL path [/webjars/**] onto handler of type [class org.springframework.web.servlet.resource.ResourceHttpRequestHandler]
2017-10-30 14:41:44.282  INFO 15112 --- [    Test worker] o.s.w.s.handler.SimpleUrlHandlerMapping  : Mapped URL path [/**] onto handler of type [class org.springframework.web.servlet.resource.ResourceHttpRequestHandler]
2017-10-30 14:41:44.336  INFO 15112 --- [    Test worker] o.s.w.s.handler.SimpleUrlHandlerMapping  : Mapped URL path [/**/favicon.ico] onto handler of type [class org.springframework.web.servlet.resource.ResourceHttpRequestHandler]
2017-10-30 14:41:45.069  INFO 15112 --- [    Test worker] m.g.b.BsfPlantillaApplicationTests       : Started BsfPlantillaApplicationTests in 4.058 seconds (JVM running for 5.287)
]]></system-out>
  <system-err><![CDATA[]]></system-err>
</testsuite>
